<?xml version="1.0" encoding="UTF-8"?>
<testng-results ignored="0" total="2" passed="2" failed="0" skipped="0">
  <reporter-output>
  </reporter-output>
  <suite started-at="2019-09-07T23:27:25 CLT" name="Default suite" finished-at="2019-09-07T23:27:42 CLT" duration-ms="17021">
    <groups>
    </groups>
    <test started-at="2019-09-07T23:27:25 CLT" name="Default test" finished-at="2019-09-07T23:27:42 CLT" duration-ms="17021">
      <class name="scripts.grabarVideoHooly">
        <test-method is-config="true" signature="ejecutarBrowser()[pri:0, instance:scripts.grabarVideoHooly@36d585c]" started-at="2019-09-07T23:27:25 CLT" name="ejecutarBrowser" finished-at="2019-09-07T23:27:32 CLT" duration-ms="7093" status="PASS">
          <reporter-output>
          </reporter-output>
        </test-method> <!-- ejecutarBrowser -->
        <test-method signature="ingresarRutInvalido()[pri:0, instance:scripts.grabarVideoHooly@36d585c]" started-at="2019-09-07T23:27:32 CLT" name="ingresarRutInvalido" finished-at="2019-09-07T23:27:34 CLT" duration-ms="2127" status="PASS">
          <reporter-output>
          </reporter-output>
        </test-method> <!-- ingresarRutInvalido -->
        <test-method signature="cargarEvidencias()[pri:1, instance:scripts.grabarVideoHooly@36d585c]" started-at="2019-09-07T23:27:34 CLT" name="cargarEvidencias" finished-at="2019-09-07T23:27:37 CLT" duration-ms="3005" status="PASS">
          <reporter-output>
          </reporter-output>
        </test-method> <!-- cargarEvidencias -->
        <test-method is-config="true" signature="cerrarBrowser()[pri:0, instance:scripts.grabarVideoHooly@36d585c]" started-at="2019-09-07T23:27:37 CLT" name="cerrarBrowser" finished-at="2019-09-07T23:27:42 CLT" duration-ms="4759" status="PASS">
          <reporter-output>
          </reporter-output>
        </test-method> <!-- cerrarBrowser -->
      </class> <!-- scripts.grabarVideoHooly -->
    </test> <!-- Default test -->
  </suite> <!-- Default suite -->
</testng-results>
